State 0:
          program ::= * states
      (1) states ::= *
          states ::= * state states
          state ::= * depth_stencil_block
          depth_stencil_block ::= * DEPTH_STENCIL_STATE id L_BRACKET depth_stencil_settings R_BRACKET SEMI_COLON

           DEPTH_STENCIL_STATE shift  6
           depth_stencil_block shift  16
                       program accept
                        states shift  7
                         state shift  1
                     {default} reduce 1

State 1:
      (1) states ::= *
          states ::= * state states
          states ::= state * states
          state ::= * depth_stencil_block
          depth_stencil_block ::= * DEPTH_STENCIL_STATE id L_BRACKET depth_stencil_settings R_BRACKET SEMI_COLON

           DEPTH_STENCIL_STATE shift  6
           depth_stencil_block shift  16
                        states shift  24
                         state shift  1
                     {default} reduce 1

State 2:
          depth_stencil_setting ::= * DEPTH_ENABLE ASSIGN boolean SEMI_COLON
          depth_stencil_setting ::= * DEPTH_WRITE_MASK ASSIGN depth_write_mask_value SEMI_COLON
     (11) depth_stencil_settings ::= *
          depth_stencil_settings ::= * depth_stencil_setting depth_stencil_settings
          depth_stencil_block ::= DEPTH_STENCIL_STATE id L_BRACKET * depth_stencil_settings R_BRACKET SEMI_COLON

                  DEPTH_ENABLE shift  9
              DEPTH_WRITE_MASK shift  11
         depth_stencil_setting shift  3
        depth_stencil_settings shift  13
                     {default} reduce 11

State 3:
          depth_stencil_setting ::= * DEPTH_ENABLE ASSIGN boolean SEMI_COLON
          depth_stencil_setting ::= * DEPTH_WRITE_MASK ASSIGN depth_write_mask_value SEMI_COLON
     (11) depth_stencil_settings ::= *
          depth_stencil_settings ::= * depth_stencil_setting depth_stencil_settings
          depth_stencil_settings ::= depth_stencil_setting * depth_stencil_settings

                  DEPTH_ENABLE shift  9
              DEPTH_WRITE_MASK shift  11
         depth_stencil_setting shift  3
        depth_stencil_settings shift  25
                     {default} reduce 11

State 4:
          depth_write_mask_value ::= * DEPTH_WRITE_MASK_ALL
          depth_write_mask_value ::= * DEPTH_WRITE_MASK_ZERO
          depth_stencil_setting ::= DEPTH_WRITE_MASK ASSIGN * depth_write_mask_value SEMI_COLON

          DEPTH_WRITE_MASK_ALL shift  17
         DEPTH_WRITE_MASK_ZERO shift  18
        depth_write_mask_value shift  12

State 5:
          boolean ::= * BOOL_TRUE
          boolean ::= * BOOL_FALSE
          depth_stencil_setting ::= DEPTH_ENABLE ASSIGN * boolean SEMI_COLON

                     BOOL_TRUE shift  22
                    BOOL_FALSE shift  23
                       boolean shift  10

State 6:
          id ::= * ID
          depth_stencil_block ::= DEPTH_STENCIL_STATE * id L_BRACKET depth_stencil_settings R_BRACKET SEMI_COLON

                            ID shift  21
                            id shift  8

State 7:
      (0) program ::= states *

                             $ reduce 0

State 8:
          depth_stencil_block ::= DEPTH_STENCIL_STATE id * L_BRACKET depth_stencil_settings R_BRACKET SEMI_COLON

                     L_BRACKET shift  2

State 9:
          depth_stencil_setting ::= DEPTH_ENABLE * ASSIGN boolean SEMI_COLON

                        ASSIGN shift  5

State 10:
          depth_stencil_setting ::= DEPTH_ENABLE ASSIGN boolean * SEMI_COLON

                    SEMI_COLON shift  15

State 11:
          depth_stencil_setting ::= DEPTH_WRITE_MASK * ASSIGN depth_write_mask_value SEMI_COLON

                        ASSIGN shift  4

State 12:
          depth_stencil_setting ::= DEPTH_WRITE_MASK ASSIGN depth_write_mask_value * SEMI_COLON

                    SEMI_COLON shift  20

State 13:
          depth_stencil_block ::= DEPTH_STENCIL_STATE id L_BRACKET depth_stencil_settings * R_BRACKET SEMI_COLON

                     R_BRACKET shift  14

State 14:
          depth_stencil_block ::= DEPTH_STENCIL_STATE id L_BRACKET depth_stencil_settings R_BRACKET * SEMI_COLON

                    SEMI_COLON shift  19

State 15:
      (9) depth_stencil_setting ::= DEPTH_ENABLE ASSIGN boolean SEMI_COLON *

                     {default} reduce 9

State 16:
      (3) state ::= depth_stencil_block *

                     {default} reduce 3

State 17:
      (7) depth_write_mask_value ::= DEPTH_WRITE_MASK_ALL *

                     {default} reduce 7

State 18:
      (8) depth_write_mask_value ::= DEPTH_WRITE_MASK_ZERO *

                     {default} reduce 8

State 19:
     (13) depth_stencil_block ::= DEPTH_STENCIL_STATE id L_BRACKET depth_stencil_settings R_BRACKET SEMI_COLON *

                     {default} reduce 13

State 20:
     (10) depth_stencil_setting ::= DEPTH_WRITE_MASK ASSIGN depth_write_mask_value SEMI_COLON *

                     {default} reduce 10

State 21:
      (4) id ::= ID *

                     {default} reduce 4

State 22:
      (5) boolean ::= BOOL_TRUE *

                     {default} reduce 5

State 23:
      (6) boolean ::= BOOL_FALSE *

                     {default} reduce 6

State 24:
      (2) states ::= state states *

                     {default} reduce 2

State 25:
     (12) depth_stencil_settings ::= depth_stencil_setting depth_stencil_settings *

                     {default} reduce 12

----------------------------------------------------
Symbols:
    0: $:
    1: ID
    2: BOOL_TRUE
    3: BOOL_FALSE
    4: DEPTH_WRITE_MASK_ALL
    5: DEPTH_WRITE_MASK_ZERO
    6: DEPTH_ENABLE
    7: ASSIGN
    8: SEMI_COLON
    9: DEPTH_WRITE_MASK
   10: DEPTH_STENCIL_STATE
   11: L_BRACKET
   12: R_BRACKET
   13: error:
   14: id: ID
   15: boolean: BOOL_TRUE BOOL_FALSE
   16: depth_stencil_block: DEPTH_STENCIL_STATE
   17: program: DEPTH_STENCIL_STATE
   18: states: <lambda> DEPTH_STENCIL_STATE
   19: state: DEPTH_STENCIL_STATE
   20: depth_write_mask_value: DEPTH_WRITE_MASK_ALL DEPTH_WRITE_MASK_ZERO
   21: depth_stencil_setting: DEPTH_ENABLE DEPTH_WRITE_MASK
   22: depth_stencil_settings: <lambda> DEPTH_ENABLE DEPTH_WRITE_MASK
